<?xml version="1.0" encoding="UTF-8" standalone="yes"?>
<template encoding-version="1.3">
    <description></description>
    <groupId>bcfff412-0186-1000-c756-367e56a8f13f</groupId>
    <name>test-template</name>
    <snippet>
        <connections>
            <id>16873db5-1f16-3c96-0000-000000000000</id>
            <parentGroupId>4f9c0695-b595-34b6-0000-000000000000</parentGroupId>
            <backPressureDataSizeThreshold>1 GB</backPressureDataSizeThreshold>
            <backPressureObjectThreshold>10000</backPressureObjectThreshold>
            <bends>
                <x>0.0</x>
                <y>504.0</y>
            </bends>
            <destination>
                <groupId>4f9c0695-b595-34b6-0000-000000000000</groupId>
                <id>d525038d-0258-3414-0000-000000000000</id>
                <type>FUNNEL</type>
            </destination>
            <flowFileExpiration>0 sec</flowFileExpiration>
            <labelIndex>0</labelIndex>
            <loadBalanceCompression>DO_NOT_COMPRESS</loadBalanceCompression>
            <loadBalancePartitionAttribute></loadBalancePartitionAttribute>
            <loadBalanceStatus>LOAD_BALANCE_NOT_CONFIGURED</loadBalanceStatus>
            <loadBalanceStrategy>DO_NOT_LOAD_BALANCE</loadBalanceStrategy>
            <name></name>
            <selectedRelationships>success</selectedRelationships>
            <source>
                <groupId>4f9c0695-b595-34b6-0000-000000000000</groupId>
                <id>b9a8b376-d4d6-37a8-0000-000000000000</id>
                <type>PROCESSOR</type>
            </source>
            <zIndex>0</zIndex>
        </connections>
        <funnels>
            <id>d48eaec9-94cb-3424-0000-000000000000</id>
            <parentGroupId>4f9c0695-b595-34b6-0000-000000000000</parentGroupId>
            <position>
                <x>192.0</x>
                <y>848.0</y>
            </position>
        </funnels>
        <funnels>
            <id>d525038d-0258-3414-0000-000000000000</id>
            <parentGroupId>4f9c0695-b595-34b6-0000-000000000000</parentGroupId>
            <position>
                <x>144.0</x>
                <y>800.0</y>
            </position>
        </funnels>
        <inputPorts>
            <id>393a77b5-5222-3e2c-0000-000000000000</id>
            <parentGroupId>4f9c0695-b595-34b6-0000-000000000000</parentGroupId>
            <position>
                <x>144.0</x>
                <y>536.0</y>
            </position>
            <allowRemoteAccess>true</allowRemoteAccess>
            <concurrentlySchedulableTaskCount>1</concurrentlySchedulableTaskCount>
            <name>MyInput</name>
            <state>STOPPED</state>
            <transmitting>false</transmitting>
            <type>INPUT_PORT</type>
            <validationErrors>'Port 'MyInput'' is invalid because Output connection for port 'MyInput' is not defined.
            </validationErrors>
        </inputPorts>
        <labels>
            <id>ef59a3fa-e092-3758-0000-000000000000</id>
            <parentGroupId>4f9c0695-b595-34b6-0000-000000000000</parentGroupId>
            <position>
                <x>144.0</x>
                <y>0.0</y>
            </position>
            <height>148.0</height>
            <label>This is my label</label>
            <style>
                <entry>
                    <key>font-size</key>
                    <value>12px</value>
                </entry>
            </style>
            <width>148.0</width>
            <zIndex>0</zIndex>
        </labels>
        <outputPorts>
            <id>a74b7208-f0ff-388f-0000-000000000000</id>
            <parentGroupId>4f9c0695-b595-34b6-0000-000000000000</parentGroupId>
            <position>
                <x>384.0</x>
                <y>616.0</y>
            </position>
            <allowRemoteAccess>true</allowRemoteAccess>
            <concurrentlySchedulableTaskCount>1</concurrentlySchedulableTaskCount>
            <name>MyOutput</name>
            <state>STOPPED</state>
            <transmitting>false</transmitting>
            <type>OUTPUT_PORT</type>
        </outputPorts>
        <processors>
            <id>b9a8b376-d4d6-37a8-0000-000000000000</id>
            <parentGroupId>4f9c0695-b595-34b6-0000-000000000000</parentGroupId>
            <position>
                <x>144.0</x>
                <y>192.0</y>
            </position>
            <bundle>
                <artifact>nifi-standard-nar</artifact>
                <group>org.apache.nifi</group>
                <version>1.20.0</version>
            </bundle>
            <config>
                <backoffMechanism>PENALIZE_FLOWFILE</backoffMechanism>
                <bulletinLevel>WARN</bulletinLevel>
                <comments></comments>
                <concurrentlySchedulableTaskCount>1</concurrentlySchedulableTaskCount>
                <descriptors>
                    <entry>
                        <key>Input Directory</key>
                        <value>
                            <name>Input Directory</name>
                        </value>
                    </entry>
                    <entry>
                        <key>File Filter</key>
                        <value>
                            <name>File Filter</name>
                        </value>
                    </entry>
                    <entry>
                        <key>Path Filter</key>
                        <value>
                            <name>Path Filter</name>
                        </value>
                    </entry>
                    <entry>
                        <key>Batch Size</key>
                        <value>
                            <name>Batch Size</name>
                        </value>
                    </entry>
                    <entry>
                        <key>Keep Source File</key>
                        <value>
                            <name>Keep Source File</name>
                        </value>
                    </entry>
                    <entry>
                        <key>Recurse Subdirectories</key>
                        <value>
                            <name>Recurse Subdirectories</name>
                        </value>
                    </entry>
                    <entry>
                        <key>Polling Interval</key>
                        <value>
                            <name>Polling Interval</name>
                        </value>
                    </entry>
                    <entry>
                        <key>Ignore Hidden Files</key>
                        <value>
                            <name>Ignore Hidden Files</name>
                        </value>
                    </entry>
                    <entry>
                        <key>Minimum File Age</key>
                        <value>
                            <name>Minimum File Age</name>
                        </value>
                    </entry>
                    <entry>
                        <key>Maximum File Age</key>
                        <value>
                            <name>Maximum File Age</name>
                        </value>
                    </entry>
                    <entry>
                        <key>Minimum File Size</key>
                        <value>
                            <name>Minimum File Size</name>
                        </value>
                    </entry>
                    <entry>
                        <key>Maximum File Size</key>
                        <value>
                            <name>Maximum File Size</name>
                        </value>
                    </entry>
                </descriptors>
                <executionNode>ALL</executionNode>
                <lossTolerant>false</lossTolerant>
                <maxBackoffPeriod>10 mins</maxBackoffPeriod>
                <penaltyDuration>30 sec</penaltyDuration>
                <properties>
                    <entry>
                        <key>Input Directory</key>
                    </entry>
                    <entry>
                        <key>File Filter</key>
                        <value>[^\.].*</value>
                    </entry>
                    <entry>
                        <key>Path Filter</key>
                    </entry>
                    <entry>
                        <key>Batch Size</key>
                        <value>10</value>
                    </entry>
                    <entry>
                        <key>Keep Source File</key>
                        <value>false</value>
                    </entry>
                    <entry>
                        <key>Recurse Subdirectories</key>
                        <value>true</value>
                    </entry>
                    <entry>
                        <key>Polling Interval</key>
                        <value>0 sec</value>
                    </entry>
                    <entry>
                        <key>Ignore Hidden Files</key>
                        <value>true</value>
                    </entry>
                    <entry>
                        <key>Minimum File Age</key>
                        <value>0 sec</value>
                    </entry>
                    <entry>
                        <key>Maximum File Age</key>
                    </entry>
                    <entry>
                        <key>Minimum File Size</key>
                        <value>0 B</value>
                    </entry>
                    <entry>
                        <key>Maximum File Size</key>
                    </entry>
                </properties>
                <retryCount>10</retryCount>
                <runDurationMillis>0</runDurationMillis>
                <schedulingPeriod>0 sec</schedulingPeriod>
                <schedulingStrategy>TIMER_DRIVEN</schedulingStrategy>
                <yieldDuration>1 sec</yieldDuration>
            </config>
            <executionNodeRestricted>false</executionNodeRestricted>
            <name>GetFile</name>
            <relationships>
                <autoTerminate>false</autoTerminate>
                <name>success</name>
                <retry>false</retry>
            </relationships>
            <state>STOPPED</state>
            <style/>
            <type>org.apache.nifi.processors.standard.GetFile</type>
        </processors>
        <processors>
            <id>dfe55aaf-e716-3480-0000-000000000000</id>
            <parentGroupId>4f9c0695-b595-34b6-0000-000000000000</parentGroupId>
            <position>
                <x>496.0</x>
                <y>320.0</y>
            </position>
            <bundle>
                <artifact>nifi-standard-nar</artifact>
                <group>org.apache.nifi</group>
                <version>1.20.0</version>
            </bundle>
            <config>
                <backoffMechanism>PENALIZE_FLOWFILE</backoffMechanism>
                <bulletinLevel>WARN</bulletinLevel>
                <comments></comments>
                <concurrentlySchedulableTaskCount>1</concurrentlySchedulableTaskCount>
                <descriptors>
                    <entry>
                        <key>Routing Strategy</key>
                        <value>
                            <name>Routing Strategy</name>
                        </value>
                    </entry>
                </descriptors>
                <executionNode>ALL</executionNode>
                <lossTolerant>false</lossTolerant>
                <maxBackoffPeriod>10 mins</maxBackoffPeriod>
                <penaltyDuration>30 sec</penaltyDuration>
                <properties>
                    <entry>
                        <key>Routing Strategy</key>
                        <value>Route to Property name</value>
                    </entry>
                </properties>
                <retryCount>10</retryCount>
                <runDurationMillis>25</runDurationMillis>
                <schedulingPeriod>0 sec</schedulingPeriod>
                <schedulingStrategy>TIMER_DRIVEN</schedulingStrategy>
                <yieldDuration>1 sec</yieldDuration>
            </config>
            <executionNodeRestricted>false</executionNodeRestricted>
            <name>RouteOnAttribute</name>
            <relationships>
                <autoTerminate>false</autoTerminate>
                <name>unmatched</name>
                <retry>false</retry>
            </relationships>
            <state>STOPPED</state>
            <style/>
            <type>org.apache.nifi.processors.standard.RouteOnAttribute</type>
        </processors>
    </snippet>
    <timestamp>03/07/2023 17:16:48 UTC</timestamp>
</template>
